<?xml version="1.0" encoding="UTF-8"?>
<!-- Generated by org.testng.reporters.JUnitReportReporter -->
<testsuite hostname="One" failures="0" tests="1" name="testNG.DataDrivenTest" time="7.881" errors="0" timestamp="2024-12-02T18:14:06 IST" skipped="0">
  <testcase classname="testNG.DataDrivenTest" name="dataDriventest" time="7.881"/>
  <system-out/>
</testsuite> <!-- testNG.DataDrivenTest -->
