<?xml version="1.0" encoding="UTF-8"?>
<!-- Generated by org.testng.reporters.JUnitReportReporter -->
<testsuite hostname="One" failures="0" tests="1" name="testNG.ParametersPassing" time="0.015" errors="0" timestamp="2024-11-12T12:16:54 IST" skipped="0">
  <testcase classname="testNG.ParametersPassing" name="parameterPass" time="0.015"/>
  <system-out/>
</testsuite> <!-- testNG.ParametersPassing -->
