<?xml version="1.0" encoding="UTF-8"?>
<!-- Generated by org.testng.reporters.JUnitReportReporter -->
<testsuite hostname="One" failures="0" tests="1" name="ScreenshotPractice" time="0.222" errors="0" timestamp="2024-11-18T06:53:53 IST" skipped="0">
  <testcase classname="ScreenshotPractice" name="takeScreenshot" time="0.222"/>
  <system-out/>
</testsuite> <!-- ScreenshotPractice -->
