<?xml version="1.0" encoding="UTF-8"?>
<!-- Generated by org.testng.reporters.JUnitReportReporter -->
<testsuite hostname="One" failures="0" tests="1" name="testNG.Guru99PerformActions" time="0.443" errors="0" timestamp="2024-11-12T15:34:44 IST" skipped="0">
  <testcase classname="testNG.Guru99PerformActions" name="guru99" time="0.443"/>
  <system-out/>
</testsuite> <!-- testNG.Guru99PerformActions -->
