<?xml version="1.0" encoding="UTF-8"?>
<!-- Generated by org.testng.reporters.JUnitReportReporter -->
<testsuite hostname="One" failures="0" tests="2" name="testNG.Grouping" time="0.017" errors="0" timestamp="2024-11-12T12:02:26 IST" skipped="0">
  <testcase classname="testNG.Grouping" name="test3" time="0.015"/>
  <system-out/>
  <testcase classname="testNG.Grouping" name="test1" time="0.002"/>
  <system-out/>
</testsuite> <!-- testNG.Grouping -->
