<?xml version="1.0" encoding="UTF-8"?>
<!-- Generated by org.testng.reporters.JUnitReportReporter -->
<testsuite hostname="One" failures="0" tests="5" name="testNG.TestNGProcedure" time="0.018" errors="0" timestamp="2024-11-12T11:40:06 IST" skipped="1">
  <testcase classname="testNG.TestNGProcedure" name="test3" time="0.003"/>
  <system-out/>
  <testcase classname="testNG.TestNGProcedure" name="test1" time="0.009"/>
  <system-out/>
  <testcase classname="testNG.TestNGProcedure" name="test1" time="0.002"/>
  <system-out/>
  <testcase classname="testNG.TestNGProcedure" name="test1" time="0.004"/>
  <system-out/>
  <testcase classname="testNG.TestNGProcedure" name="test2">
    <skipped/>
  </testcase> <!-- test2 -->
  <system-out/>
</testsuite> <!-- testNG.TestNGProcedure -->
