<?xml version="1.0" encoding="UTF-8"?>
<!-- Generated by org.testng.reporters.JUnitReportReporter -->
<testsuite hostname="One" failures="0" tests="1" name="DatePicker1" time="36.754" errors="0" timestamp="2024-11-18T06:37:00 IST" skipped="0">
  <testcase classname="DatePicker1" name="jqueryDatePicking" time="36.754"/>
  <system-out/>
</testsuite> <!-- DatePicker1 -->
