<?xml version="1.0" encoding="UTF-8"?>
<!-- Generated by org.testng.reporters.JUnitReportReporter -->
<testsuite hostname="One" failures="0" tests="1" name="FileUploadPractice" time="8.432" errors="0" timestamp="2024-11-18T08:02:07 IST" skipped="0">
  <testcase classname="FileUploadPractice" name="setfile" time="8.432"/>
  <system-out/>
</testsuite> <!-- FileUploadPractice -->
