<?xml version="1.0" encoding="UTF-8"?>
<!-- Generated by org.testng.reporters.JUnitReportReporter -->
<testsuite hostname="One" failures="0" tests="1" name="testNG.FileUpload" time="8.543" errors="0" timestamp="2024-11-16T12:40:56 IST" skipped="0">
  <testcase classname="testNG.FileUpload" name="fileUpload" time="8.543"/>
  <system-out/>
</testsuite> <!-- testNG.FileUpload -->
