<?xml version="1.0" encoding="UTF-8"?>
<!-- Generated by org.testng.reporters.JUnitReportReporter -->
<testsuite hostname="One" failures="0" tests="3" name="testNG.CrossBrowserTesting" time="9.108" errors="0" timestamp="2024-11-13T12:52:57 IST" skipped="0">
  <testcase classname="testNG.CrossBrowserTesting" name="crossBrowser" time="5.717"/>
  <system-out/>
  <testcase classname="testNG.CrossBrowserTesting" name="crossBrowser" time="1.335"/>
  <system-out/>
  <testcase classname="testNG.CrossBrowserTesting" name="crossBrowser" time="2.056"/>
  <system-out/>
</testsuite> <!-- testNG.CrossBrowserTesting -->
