<?xml version="1.0" encoding="UTF-8"?>
<!-- Generated by org.testng.reporters.JUnitReportReporter -->
<testsuite hostname="One" failures="0" tests="1" name="testNG.DatePicker" time="0.925" errors="0" timestamp="2024-11-16T06:59:23 IST" skipped="0">
  <testcase classname="testNG.DatePicker" name="datePicker" time="0.925"/>
  <system-out/>
</testsuite> <!-- testNG.DatePicker -->
