<?xml version="1.0" encoding="UTF-8"?>
<!-- Generated by org.testng.reporters.JUnitReportReporter -->
<testsuite hostname="One" failures="0" tests="1" name="testNG.MultipleWindowsHandling" time="3.114" errors="0" timestamp="2024-12-02T05:42:01 IST" skipped="0">
  <testcase classname="testNG.MultipleWindowsHandling" name="multipleWindows" time="3.114"/>
  <system-out/>
</testsuite> <!-- testNG.MultipleWindowsHandling -->
