<?xml version="1.0" encoding="UTF-8"?>
<!-- Generated by org.testng.reporters.JUnitReportReporter -->
<testsuite hostname="One" failures="0" tests="1" name="testNG.HardAssertion" time="0.027" errors="0" timestamp="2024-11-18T12:19:30 IST" skipped="0">
  <testcase classname="testNG.HardAssertion" name="softAssertionTitleVerify" time="0.027"/>
  <system-out/>
</testsuite> <!-- testNG.HardAssertion -->
