<?xml version="1.0" encoding="UTF-8"?>
<!-- Generated by org.testng.reporters.JUnitReportReporter -->
<testsuite hostname="One" failures="0" tests="1" name="seleniumSelfStudy.CopyPastePractice" time="0.444" errors="0" timestamp="2024-11-13T07:23:19 IST" skipped="0">
  <testcase classname="seleniumSelfStudy.CopyPastePractice" name="copyPasteActions" time="0.444"/>
  <system-out/>
</testsuite> <!-- seleniumSelfStudy.CopyPastePractice -->
