<?xml version="1.0" encoding="UTF-8"?>
<!-- Generated by org.testng.reporters.JUnitReportReporter -->
<testsuite hostname="One" failures="0" tests="1" name="testNG.AssertionTestLogin" time="1.997" errors="0" timestamp="2024-12-09T06:54:44 IST" skipped="0">
  <testcase classname="testNG.AssertionTestLogin" name="logIn" time="1.997"/>
  <system-out/>
</testsuite> <!-- testNG.AssertionTestLogin -->
