<?xml version="1.0" encoding="UTF-8"?>
<!-- Generated by org.testng.reporters.JUnitReportReporter -->
<testsuite hostname="One" failures="0" tests="1" name="testPackage1.PageFactoryTestGoogleSearch" time="5.861" errors="0" timestamp="2024-11-20T20:37:15 IST" skipped="0">
  <testcase classname="testPackage1.PageFactoryTestGoogleSearch" name="googleSearchTest" time="5.861"/>
  <system-out/>
</testsuite> <!-- testPackage1.PageFactoryTestGoogleSearch -->
