<?xml version="1.0" encoding="UTF-8"?>
<!-- Generated by org.testng.reporters.JUnitReportReporter -->
<testsuite hostname="One" failures="0" tests="2" name="testNG.ExtentReport" time="2.777" errors="0" timestamp="2024-11-20T19:47:48 IST" skipped="0">
  <testcase classname="testNG.ExtentReport" name="titleVerification" time="2.056"/>
  <system-out/>
  <testcase classname="testNG.ExtentReport" name="faceBookLogotest" time="0.721"/>
  <system-out/>
</testsuite> <!-- testNG.ExtentReport -->
