<?xml version="1.0" encoding="UTF-8"?>
<!-- Generated by org.testng.reporters.JUnitReportReporter -->
<testsuite hostname="One" failures="0" tests="1" name="testNG.MouseHoverEbay" time="3.570" errors="0" timestamp="2024-11-14T12:27:16 IST" skipped="0">
  <testcase classname="testNG.MouseHoverEbay" name="ebayMouseHover" time="3.570"/>
  <system-out/>
</testsuite> <!-- testNG.MouseHoverEbay -->
