<?xml version="1.0" encoding="UTF-8"?>
<!-- Generated by org.testng.reporters.JUnitReportReporter -->
<testsuite hostname="One" failures="0" tests="1" name="testNG.AmazonWindowsHandle" time="5.253" errors="0" timestamp="2024-12-09T06:53:08 IST" skipped="0">
  <testcase classname="testNG.AmazonWindowsHandle" name="titleVerification" time="5.253"/>
  <system-out/>
</testsuite> <!-- testNG.AmazonWindowsHandle -->
