<?xml version="1.0" encoding="UTF-8"?>
<!-- Generated by org.testng.reporters.JUnitReportReporter -->
<testsuite hostname="One" failures="0" tests="1" name="testNG.DragAndDrop" time="3.022" errors="0" timestamp="2024-11-13T12:04:39 IST" skipped="0">
  <testcase classname="testNG.DragAndDrop" name="dragAndDrop" time="3.022"/>
  <system-out/>
</testsuite> <!-- testNG.DragAndDrop -->
