<?xml version="1.0" encoding="UTF-8"?>
<!-- Generated by org.testng.reporters.JUnitReportReporter -->
<testsuite hostname="One" failures="0" tests="1" name="testNG.CopyPaste" time="0.543" errors="0" timestamp="2024-11-21T11:23:29 IST" skipped="0">
  <testcase classname="testNG.CopyPaste" name="copyPaste" time="0.543"/>
  <system-out/>
</testsuite> <!-- testNG.CopyPaste -->
