<?xml version="1.0" encoding="UTF-8"?>
<!-- Generated by org.testng.reporters.JUnitReportReporter -->
<testsuite hostname="One" failures="0" tests="1" name="testPackage1.TestGoogleSearch" time="1.256" errors="0" timestamp="2024-11-20T23:28:31 IST" skipped="0">
  <testcase classname="testPackage1.TestGoogleSearch" name="googleSearchTest" time="1.256"/>
  <system-out/>
</testsuite> <!-- testPackage1.TestGoogleSearch -->
