<?xml version="1.0" encoding="UTF-8"?>
<!-- Generated by org.testng.reporters.JUnitReportReporter -->
<testsuite hostname="One" failures="0" tests="1" name="testNG.GooglePassParameter" time="3.512" errors="0" timestamp="2024-11-12T12:42:34 IST" skipped="0">
  <testcase classname="testNG.GooglePassParameter" name="googleSearch" time="3.512"/>
  <system-out/>
</testsuite> <!-- testNG.GooglePassParameter -->
