<?xml version="1.0" encoding="UTF-8"?>
<!-- Generated by org.testng.reporters.JUnitReportReporter -->
<testsuite hostname="One" failures="0" tests="1" name="testPackage.FbLoginTest" time="0.299" errors="0" timestamp="2024-11-20T13:52:55 IST" skipped="0">
  <testcase classname="testPackage.FbLoginTest" name="loginTest" time="0.299"/>
  <system-out/>
</testsuite> <!-- testPackage.FbLoginTest -->
