<?xml version="1.0" encoding="UTF-8"?>
<!-- Generated by org.testng.reporters.JUnitReportReporter -->
<testsuite hostname="One" failures="0" tests="1" name="testNG.FileUploadAutoIT" time="6.129" errors="0" timestamp="2024-11-16T19:14:26 IST" skipped="0">
  <testcase classname="testNG.FileUploadAutoIT" name="fileUpload" time="6.129"/>
  <system-out/>
</testsuite> <!-- testNG.FileUploadAutoIT -->
