<?xml version="1.0" encoding="UTF-8"?>
<!-- Generated by org.testng.reporters.JUnitReportReporter -->
<testsuite hostname="One" failures="0" tests="1" name="seleniumSelfStudy.DatePicker1" time="0.704" errors="0" timestamp="2024-11-16T19:38:42 IST" skipped="0">
  <testcase classname="seleniumSelfStudy.DatePicker1" name="datePick" time="0.704"/>
  <system-out/>
</testsuite> <!-- seleniumSelfStudy.DatePicker1 -->
