<?xml version="1.0" encoding="UTF-8"?>
<!-- Generated by org.testng.reporters.JUnitReportReporter -->
<testsuite hostname="One" failures="0" tests="1" name="seleniumSelfStudy.OmayoWindowHandle" time="3.878" errors="0" timestamp="2024-11-16T06:32:49 IST" skipped="0">
  <testcase classname="seleniumSelfStudy.OmayoWindowHandle" name="windowHandle" time="3.878"/>
  <system-out/>
</testsuite> <!-- seleniumSelfStudy.OmayoWindowHandle -->
