<?xml version="1.0" encoding="UTF-8"?>
<!-- Generated by org.testng.reporters.JUnitReportReporter -->
<testsuite hostname="One" failures="0" tests="1" name="seleniumSelfStudy.EbaySearchParameterPass" time="1.960" errors="0" timestamp="2024-11-13T06:50:32 IST" skipped="0">
  <testcase classname="seleniumSelfStudy.EbaySearchParameterPass" name="search" time="1.960"/>
  <system-out/>
</testsuite> <!-- seleniumSelfStudy.EbaySearchParameterPass -->
